7.2s 1 /kaggle/input/imagens-iris/baixados.jpeg
7.2s 2 /kaggle/input/imagens-iris/baixados.png
7.2s 3 /kaggle/input/iris-data/Iris.csv
9.2s 4 <class 'pandas.core.frame.DataFrame'>
9.2s 5 RangeIndex: 150 entries, 0 to 149
9.2s 6 Data columns (total 5 columns):
9.2s 7 #   Column         Non-Null Count  Dtype
9.2s 8 ---  ------         --------------  -----
9.2s 9 0   SepalLengthCm  150 non-null    float64
9.2s 10 1   SepalWidthCm   150 non-null    float64
9.2s 11 2   PetalLengthCm  150 non-null    float64
9.2s 12 3   PetalWidthCm   150 non-null    float64
9.2s 13 4   Species        150 non-null    object
9.2s 14 dtypes: float64(4), object(1)
9.2s 15 memory usage: 6.0+ KB
16.6s 16 <class 'pandas.core.frame.DataFrame'>
16.6s 17 RangeIndex: 150 entries, 0 to 149
16.6s 18 Data columns (total 6 columns):
16.6s 19 #   Column         Non-Null Count  Dtype
16.6s 20 ---  ------         --------------  -----
16.6s 21 0   SepalLengthCm  150 non-null    float64
16.6s 22 1   SepalWidthCm   150 non-null    float64
16.6s 23 2   PetalLengthCm  150 non-null    float64
16.6s 24 3   PetalWidthCm   150 non-null    float64
16.6s 25 4   Species        150 non-null    object
16.6s 26 5   Species_Num    150 non-null    object
16.6s 27 dtypes: float64(4), object(2)
16.6s 28 memory usage: 7.2+ KB
16.7s 29 <class 'pandas.core.frame.DataFrame'>
16.7s 30 RangeIndex: 150 entries, 0 to 149
16.7s 31 Data columns (total 6 columns):
16.7s 32 #   Column         Non-Null Count  Dtype
16.7s 33 ---  ------         --------------  -----
16.7s 34 0   SepalLengthCm  150 non-null    float64
16.7s 35 1   SepalWidthCm   150 non-null    float64
16.7s 36 2   PetalLengthCm  150 non-null    float64
16.7s 37 3   PetalWidthCm   150 non-null    float64
16.7s 38 4   Species        150 non-null    object
16.7s 39 5   Species_Num    150 non-null    int8
16.7s 40 dtypes: float64(4), int8(1), object(1)
16.7s 41 memory usage: 6.1+ KB
18.6s 42 Accuracy Score: 0.9736842105263158
19.0s 43 [[15  0  0]
19.0s 44 [ 0 10  1]
19.0s 45 [ 0  0 12]]
19.5s 46 precision    recall  f1-score   support
19.5s 47 
19.5s 48 setosa       1.00      1.00      1.00        15
19.5s 49 versicolor       1.00      0.91      0.95        11
19.5s 50 virginica       0.92      1.00      0.96        12
19.5s 51 
19.5s 52 accuracy                           0.97        38
19.5s 53 macro avg       0.97      0.97      0.97        38
19.5s 54 weighted avg       0.98      0.97      0.97        38
19.5s 55 
19.8s 56 ['SepalLengthCm', 'SepalWidthCm', 'PetalWidthCm']
19.8s 57 ['setosa', 'versicolor', 'virginica']
23.8s 58 Accuracy Score: 0.9473684210526315
26.7s 59 Accuracy Score: 0.9736842105263158
29.0s 60 [[15  0  0]
29.0s 61 [ 0 10  1]
29.0s 62 [ 0  0 12]]
29.5s 63 precision    recall  f1-score   support
29.5s 64 
29.5s 65 setosa       1.00      1.00      1.00        15
29.5s 66 versicolor       1.00      0.91      0.95        11
29.5s 67 virginica       0.92      1.00      0.96        12
29.5s 68 
29.5s 69 accuracy                           0.97        38
29.5s 70 macro avg       0.97      0.97      0.97        38
29.5s 71 weighted avg       0.98      0.97      0.97        38
29.5s 72 
96.9s 73 Accuracy Score: 1.0
97.0s 74 [[15  0  0]
97.0s 75 [ 0 11  0]
97.0s 76 [ 0  0 12]]
97.6s 77 precision    recall  f1-score   support
97.6s 78 
97.6s 79 setosa       1.00      1.00      1.00        15
97.6s 80 versicolor       1.00      1.00      1.00        11
97.6s 81 virginica       1.00      1.00      1.00        12
97.6s 82 
97.6s 83 accuracy                           1.00        38
97.6s 84 macro avg       1.00      1.00      1.00        38
97.6s 85 weighted avg       1.00      1.00      1.00        38
97.6s 86 
103.2s 87 /opt/conda/lib/python3.10/site-packages/traitlets/traitlets.py:2930: FutureWarning: --Exporter.preprocessors=["remove_papermill_header.RemovePapermillHeader"] for containers is deprecated in traitlets 5.0. You can pass `--Exporter.preprocessors item` ... multiple times to add items to a list.
103.2s 88 warn(
103.2s 89 [NbConvertApp] WARNING | Config option `kernel_spec_manager_class` not recognized by `NbConvertApp`.
103.3s 90 [NbConvertApp] Converting notebook __notebook__.ipynb to notebook
103.8s 91 [NbConvertApp] Writing 2791454 bytes to __notebook__.ipynb
105.4s 92 /opt/conda/lib/python3.10/site-packages/traitlets/traitlets.py:2930: FutureWarning: --Exporter.preprocessors=["nbconvert.preprocessors.ExtractOutputPreprocessor"] for containers is deprecated in traitlets 5.0. You can pass `--Exporter.preprocessors item` ... multiple times to add items to a list.
105.4s 93 warn(
105.4s 94 [NbConvertApp] WARNING | Config option `kernel_spec_manager_class` not recognized by `NbConvertApp`.
105.4s 95 [NbConvertApp] Converting notebook __notebook__.ipynb to html
106.7s 96 [NbConvertApp] Support files will be in __results___files/
106.7s 97 [NbConvertApp] Making directory __results___files
106.7s 98 [NbConvertApp] Making directory __results___files
106.7s 99 [NbConvertApp] Making directory __results___files
106.7s 100 [NbConvertApp] Making directory __results___files
106.7s 101 [NbConvertApp] Making directory __results___files
106.7s 102 [NbConvertApp] Making directory __results___files
106.7s 103 [NbConvertApp] Making directory __results___files
106.7s 104 [NbConvertApp] Making directory __results___files
106.7s 105 [NbConvertApp] Making directory __results___files
106.7s 106 [NbConvertApp] Writing 1390883 bytes to __results__.html