9.2s 1 <class 'pandas.core.frame.DataFrame'>
9.2s 2 RangeIndex: 398 entries, 0 to 397
9.2s 3 Data columns (total 9 columns):
9.2s 4 #   Column        Non-Null Count  Dtype
9.2s 5 ---  ------        --------------  -----
9.2s 6 0   mpg           398 non-null    float64
9.2s 7 1   cylinders     398 non-null    int64
9.2s 8 2   displacement  398 non-null    float64
9.2s 9 3   horsepower    392 non-null    float64
9.2s 10 4   weight        398 non-null    int64
9.2s 11 5   acceleration  398 non-null    float64
9.2s 12 6   model_year    398 non-null    int64
9.2s 13 7   origin        398 non-null    object
9.2s 14 8   name          398 non-null    object
9.2s 15 dtypes: float64(4), int64(3), object(2)
9.2s 16 memory usage: 28.1+ KB
21.6s 17 r2_score: 0.7798249880881912
21.6s 18 mae: 2.5188281576150855
21.6s 19 mse: 11.237861022823033
21.6s 20 rmse: 3.3522919059686664
24.7s 21 Requirement already satisfied: yellowbrick in /opt/conda/lib/python3.10/site-packages (1.5)
24.7s 22 Requirement already satisfied: matplotlib!=3.0.0,>=2.0.2 in /opt/conda/lib/python3.10/site-packages (from yellowbrick) (3.7.5)
24.7s 23 Requirement already satisfied: scipy>=1.0.0 in /opt/conda/lib/python3.10/site-packages (from yellowbrick) (1.11.4)
24.7s 24 Requirement already satisfied: scikit-learn>=1.0.0 in /opt/conda/lib/python3.10/site-packages (from yellowbrick) (1.2.2)
24.7s 25 Requirement already satisfied: numpy>=1.16.0 in /opt/conda/lib/python3.10/site-packages (from yellowbrick) (1.26.4)
24.7s 26 Requirement already satisfied: cycler>=0.10.0 in /opt/conda/lib/python3.10/site-packages (from yellowbrick) (0.12.1)
24.7s 27 Requirement already satisfied: contourpy>=1.0.1 in /opt/conda/lib/python3.10/site-packages (from matplotlib!=3.0.0,>=2.0.2->yellowbrick) (1.2.0)
24.7s 28 Requirement already satisfied: fonttools>=4.22.0 in /opt/conda/lib/python3.10/site-packages (from matplotlib!=3.0.0,>=2.0.2->yellowbrick) (4.47.0)
24.7s 29 Requirement already satisfied: kiwisolver>=1.0.1 in /opt/conda/lib/python3.10/site-packages (from matplotlib!=3.0.0,>=2.0.2->yellowbrick) (1.4.5)
24.7s 30 Requirement already satisfied: packaging>=20.0 in /opt/conda/lib/python3.10/site-packages (from matplotlib!=3.0.0,>=2.0.2->yellowbrick) (21.3)
24.7s 31 Requirement already satisfied: pillow>=6.2.0 in /opt/conda/lib/python3.10/site-packages (from matplotlib!=3.0.0,>=2.0.2->yellowbrick) (9.5.0)
24.7s 32 Requirement already satisfied: pyparsing>=2.3.1 in /opt/conda/lib/python3.10/site-packages (from matplotlib!=3.0.0,>=2.0.2->yellowbrick) (3.1.1)
24.7s 33 Requirement already satisfied: python-dateutil>=2.7 in /opt/conda/lib/python3.10/site-packages (from matplotlib!=3.0.0,>=2.0.2->yellowbrick) (2.9.0.post0)
24.8s 34 Requirement already satisfied: joblib>=1.1.1 in /opt/conda/lib/python3.10/site-packages (from scikit-learn>=1.0.0->yellowbrick) (1.4.2)
24.8s 35 Requirement already satisfied: threadpoolctl>=2.0.0 in /opt/conda/lib/python3.10/site-packages (from scikit-learn>=1.0.0->yellowbrick) (3.2.0)
24.9s 36 Requirement already satisfied: six>=1.5 in /opt/conda/lib/python3.10/site-packages (from python-dateutil>=2.7->matplotlib!=3.0.0,>=2.0.2->yellowbrick) (1.16.0)
41.7s 37 /opt/conda/lib/python3.10/site-packages/traitlets/traitlets.py:2930: FutureWarning: --Exporter.preprocessors=["remove_papermill_header.RemovePapermillHeader"] for containers is deprecated in traitlets 5.0. You can pass `--Exporter.preprocessors item` ... multiple times to add items to a list.
41.7s 38 warn(
41.7s 39 [NbConvertApp] WARNING | Config option `kernel_spec_manager_class` not recognized by `NbConvertApp`.
41.7s 40 [NbConvertApp] Converting notebook __notebook__.ipynb to notebook
42.2s 41 [NbConvertApp] Writing 1031800 bytes to __notebook__.ipynb
43.8s 42 /opt/conda/lib/python3.10/site-packages/traitlets/traitlets.py:2930: FutureWarning: --Exporter.preprocessors=["nbconvert.preprocessors.ExtractOutputPreprocessor"] for containers is deprecated in traitlets 5.0. You can pass `--Exporter.preprocessors item` ... multiple times to add items to a list.
43.8s 43 warn(
43.8s 44 [NbConvertApp] WARNING | Config option `kernel_spec_manager_class` not recognized by `NbConvertApp`.
43.8s 45 [NbConvertApp] Converting notebook __notebook__.ipynb to html
44.9s 46 [NbConvertApp] Support files will be in __results___files/
44.9s 47 [NbConvertApp] Making directory __results___files
44.9s 48 [NbConvertApp] Making directory __results___files
44.9s 49 [NbConvertApp] Making directory __results___files
44.9s 50 [NbConvertApp] Making directory __results___files
44.9s 51 [NbConvertApp] Making directory __results___files
44.9s 52 [NbConvertApp] Making directory __results___files
44.9s 53 [NbConvertApp] Making directory __results___files
44.9s 54 [NbConvertApp] Making directory __results___files
44.9s 55 [NbConvertApp] Making directory __results___files
44.9s 56 [NbConvertApp] Making directory __results___files
44.9s 57 [NbConvertApp] Making directory __results___files
44.9s 58 [NbConvertApp] Making directory __results___files
44.9s 59 [NbConvertApp] Making directory __results___files
44.9s 60 [NbConvertApp] Making directory __results___files
44.9s 61 [NbConvertApp] Making directory __results___files
44.9s 62 [NbConvertApp] Making directory __results___files
44.9s 63 [NbConvertApp] Writing 375087 bytes to __results__.html